

/******************************************************************************************
* WriteStepFile diagnostics.
* Date:                           Fri Feb 01 16:50:55 2019 
* Produced by:                    The EXPRESS Data Manager Version 5.02.0100.07 : 28 Aug 2013
* Module:                         EDMstepFileFactory/EDMstandAlone
* Host:                           A2H180704
* Database:                       C:\Users\MSN\AppData\Local\Temp\{6C99C752-7413-4B51-B0F5-63E5293C0434}\ifc
* Database version:               5507
* Database creation date:         Fri Feb 01 16:50:31 2019
* Model:                          DataRepository.ifc
* Model creation date:            Fri Feb 01 16:50:32 2019
* Header model:                   DataRepository.ifc_HeaderModel
* Header model creation date:     Fri Feb 01 16:50:32 2019
* Step file:                      C_2019_19007_FYRBY FSK _Arbetsfil_marcus.ifc
* EDMuser:                        sdai-user
* EDMgroup:                       sdai-group
* License ID and type:            5605 : Permanent license. Expiry date: 
* EDMstepFileFactory options:     020000
******************************************************************************************/


------------------------------------------------------------------------------------------------
Operation terminated successfully.
------------------------------------------------------------------------------------------------

